[2025-01-21 13:52:11]:start from wis
[2025-01-21 13:52:11]:start from wis
[2025-01-21 13:52:11]:start from wis
[2025-01-21 13:52:11]:start from wis
[2025-01-21 13:52:11]:start from wis
[2025-01-21 13:52:11]:start from wis
[2025-01-21 13:52:11]:moving_to_WasteIn_port from oprobot
[2025-01-21 13:52:11]:moving_to_WasteIn_port from oprobot
[2025-01-21 13:52:15]:collected_RP_from_WasteIn_port from oprobot
[2025-01-21 13:52:15]:update_rp_count_to__0 from wis
[2025-01-21 13:52:15]:collected_RP_from_WasteIn_port from oprobot
[2025-01-21 13:52:15]:update_rp_count_to__0 from wis
[2025-01-21 13:52:15]:moving_to_BurnIn_port from oprobot
[2025-01-21 13:52:16]:moving_to_BurnIn_port from oprobot
[2025-01-21 13:52:20]:deposited_RP_in_BurnIn_port from oprobot
[2025-01-21 13:52:20]:deposited_RP_in_BurnIn_port from oprobot
[2025-01-21 13:52:20]:burning_phase_started from incinerator
[2025-01-21 13:52:20]:burning_phase_started from incinerator
[2025-01-21 13:52:20]:incinerator_status_BURNING from wis
[2025-01-21 13:52:20]:incinerator_status_BURNING from wis
[2025-01-21 13:52:25]:moving_to_WasteIn_port from oprobot
[2025-01-21 13:52:25]:moving_to_WasteIn_port from oprobot
[2025-01-21 13:52:28]:incinerator_status_FINISHED_BURNING from wis
[2025-01-21 13:52:28]:incinerator_status_FINISHED_BURNING from wis
[2025-01-21 13:52:28]:collected_RP_from_WasteIn_port from oprobot
[2025-01-21 13:52:28]:-(update_rp_count_to__,1) from wis
[2025-01-21 13:52:28]:collected_RP_from_WasteIn_port from oprobot
[2025-01-21 13:52:28]:-(update_rp_count_to__,1) from wis
[2025-01-21 13:52:28]:moving_to_BurnIn_port from oprobot
[2025-01-21 13:52:28]:moving_to_BurnIn_port from oprobot
[2025-01-21 13:52:33]:deposited_RP_in_BurnIn_port from oprobot
[2025-01-21 13:52:33]:burning_phase_started from incinerator
[2025-01-21 13:52:33]:incinerator_status_BURNING from wis
[2025-01-21 13:52:33]:deposited_RP_in_BurnIn_port from oprobot
[2025-01-21 13:52:33]:burning_phase_started from incinerator
[2025-01-21 13:52:33]:incinerator_status_BURNING from wis
[2025-01-21 13:52:38]:moving_to_BurnOut_port from oprobot
[2025-01-21 13:52:38]:moving_to_BurnOut_port from oprobot
[2025-01-21 13:52:41]:incinerator_status_FINISHED_BURNING from wis
[2025-01-21 13:52:41]:incinerator_status_FINISHED_BURNING from wis
[2025-01-21 13:52:45]:collected_ash_from_BurnOut_port from oprobot
[2025-01-21 13:52:45]:collected_ash_from_BurnOut_port from oprobot
[2025-01-21 13:52:45]:moving_to_AshOut_port from oprobot
[2025-01-21 13:52:45]:moving_to_AshOut_port from oprobot
[2025-01-21 13:52:47]:deposited_ash_in_AshOut_port from oprobot
[2025-01-21 13:52:47]:deposited_ash_in_AshOut_port from oprobot
[2025-01-21 13:52:56]:moving_to_BurnOut_port from oprobot
[2025-01-21 13:52:56]:moving_to_BurnOut_port from oprobot
[2025-01-21 14:01:03]:start from oprobot
[2025-01-21 14:01:03]:start from wis
[2025-01-21 14:01:04]:moving_to_WasteIn_port from oprobot
[2025-01-21 14:01:07]:collected_RP_from_WasteIn_port from oprobot
[2025-01-21 14:01:07]:update_rp_count_to__0 from wis
[2025-01-21 14:01:07]:moving_to_BurnIn_port from oprobot
[2025-01-21 14:01:11]:deposited_RP_in_BurnIn_port from oprobot
[2025-01-21 14:01:11]:burning_phase_started from incinerator
[2025-01-21 14:01:11]:incinerator_status_BURNING from wis
[2025-01-21 14:01:19]:incinerator_status_FINISHED_BURNING from wis
[2025-01-21 14:01:20]:moving_to_BurnOut_port from oprobot
[2025-01-21 14:01:27]:collected_ash_from_BurnOut_port from oprobot
[2025-01-21 14:01:28]:moving_to_AshOut_port from oprobot
[2025-01-21 14:01:30]:deposited_ash_in_AshOut_port from oprobot
