kotlin version: 1.9.22
error message: Incremental compilation failed: java.lang.IndexOutOfBoundsException
java.lang.RuntimeException: java.lang.IndexOutOfBoundsException
	at org.jetbrains.kotlin.com.intellij.util.io.PersistentEnumeratorBase.catchCorruption(PersistentEnumeratorBase.java:628)
	at org.jetbrains.kotlin.com.intellij.util.io.PersistentEnumeratorBase.doEnumerate(PersistentEnumeratorBase.java:266)
	at org.jetbrains.kotlin.com.intellij.util.io.PersistentEnumeratorBase.tryEnumerate(PersistentEnumeratorBase.java:257)
	at org.jetbrains.kotlin.com.intellij.util.io.PersistentMapImpl.doGet(PersistentMapImpl.java:583)
	at org.jetbrains.kotlin.com.intellij.util.io.PersistentMapImpl.get(PersistentMapImpl.java:545)
	at org.jetbrains.kotlin.com.intellij.util.io.PersistentHashMap.get(PersistentHashMap.java:178)
	at org.jetbrains.kotlin.incremental.storage.CachingLazyStorage.get(CachingLazyStorage.kt:74)
	at org.jetbrains.kotlin.incremental.storage.LookupMap.get(LookupMap.kt:45)
	at org.jetbrains.kotlin.incremental.TrackedLookupMap.recordSet(LookupStorage.kt:327)
	at org.jetbrains.kotlin.incremental.TrackedLookupMap.append(LookupStorage.kt:316)
	at org.jetbrains.kotlin.incremental.LookupStorage.addAll(LookupStorage.kt:124)
	at org.jetbrains.kotlin.incremental.BuildUtilKt.update(buildUtil.kt:134)
	at org.jetbrains.kotlin.incremental.IncrementalCompilerRunner.doCompile(IncrementalCompilerRunner.kt:516)
	at org.jetbrains.kotlin.incremental.IncrementalCompilerRunner.compileImpl(IncrementalCompilerRunner.kt:400)
	at org.jetbrains.kotlin.incremental.IncrementalCompilerRunner.tryCompileIncrementally$lambda$6$compile(IncrementalCompilerRunner.kt:231)
	at org.jetbrains.kotlin.incremental.IncrementalCompilerRunner.tryCompileIncrementally(IncrementalCompilerRunner.kt:247)
	at org.jetbrains.kotlin.incremental.IncrementalCompilerRunner.compile(IncrementalCompilerRunner.kt:116)
	at org.jetbrains.kotlin.daemon.CompileServiceImplBase.execIncrementalCompiler(CompileServiceImpl.kt:657)
	at org.jetbrains.kotlin.daemon.CompileServiceImplBase.access$execIncrementalCompiler(CompileServiceImpl.kt:105)
	at org.jetbrains.kotlin.daemon.CompileServiceImpl.compile(CompileServiceImpl.kt:1624)
	at java.base/jdk.internal.reflect.NativeMethodAccessorImpl.invoke0(Native Method)
	at java.base/jdk.internal.reflect.NativeMethodAccessorImpl.invoke(NativeMethodAccessorImpl.java:62)
	at java.base/jdk.internal.reflect.DelegatingMethodAccessorImpl.invoke(DelegatingMethodAccessorImpl.java:43)
	at java.base/java.lang.reflect.Method.invoke(Method.java:566)
	at java.rmi/sun.rmi.server.UnicastServerRef.dispatch(UnicastServerRef.java:359)
	at java.rmi/sun.rmi.transport.Transport$1.run(Transport.java:200)
	at java.rmi/sun.rmi.transport.Transport$1.run(Transport.java:197)
	at java.base/java.security.AccessController.doPrivileged(Native Method)
	at java.rmi/sun.rmi.transport.Transport.serviceCall(Transport.java:196)
	at java.rmi/sun.rmi.transport.tcp.TCPTransport.handleMessages(TCPTransport.java:562)
	at java.rmi/sun.rmi.transport.tcp.TCPTransport$ConnectionHandler.run0(TCPTransport.java:796)
	at java.rmi/sun.rmi.transport.tcp.TCPTransport$ConnectionHandler.lambda$run$0(TCPTransport.java:677)
	at java.base/java.security.AccessController.doPrivileged(Native Method)
	at java.rmi/sun.rmi.transport.tcp.TCPTransport$ConnectionHandler.run(TCPTransport.java:676)
	at java.base/java.util.concurrent.ThreadPoolExecutor.runWorker(ThreadPoolExecutor.java:1128)
	at java.base/java.util.concurrent.ThreadPoolExecutor$Worker.run(ThreadPoolExecutor.java:628)
	at java.base/java.lang.Thread.run(Thread.java:829)
Caused by: java.lang.IndexOutOfBoundsException
	at java.base/java.nio.Buffer.checkIndex(Buffer.java:687)
	at java.base/java.nio.DirectByteBuffer.get(DirectByteBuffer.java:269)
	at org.jetbrains.kotlin.com.intellij.util.io.DirectBufferWrapper.get(DirectBufferWrapper.java:62)
	at org.jetbrains.kotlin.com.intellij.util.io.keyStorage.AppendableStorageBackedByResizableMappedFile$3.write(AppendableStorageBackedByResizableMappedFile.java:207)
	at java.base/java.io.DataOutputStream.writeByte(DataOutputStream.java:153)
	at org.jetbrains.kotlin.incremental.storage.LookupSymbolKeyDescriptor.save(externalizers.kt:78)
	at org.jetbrains.kotlin.incremental.storage.LookupSymbolKeyDescriptor.save(externalizers.kt:51)
	at org.jetbrains.kotlin.com.intellij.util.io.keyStorage.AppendableStorageBackedByResizableMappedFile.checkBytesAreTheSame(AppendableStorageBackedByResizableMappedFile.java:165)
	at org.jetbrains.kotlin.com.intellij.util.io.PersistentEnumeratorBase.isKeyAtIndex(PersistentEnumeratorBase.java:370)
	at org.jetbrains.kotlin.com.intellij.util.io.PersistentBTreeEnumerator.enumerateImpl(PersistentBTreeEnumerator.java:528)
	at org.jetbrains.kotlin.com.intellij.util.io.PersistentEnumeratorBase.lambda$doEnumerate$0(PersistentEnumeratorBase.java:267)
	at org.jetbrains.kotlin.com.intellij.util.io.PersistentEnumeratorBase.catchCorruption(PersistentEnumeratorBase.java:608)
	... 36 more


